[2021-10-17 15:57:13,731] {taskinstance.py:876} INFO - Dependencies all met for <TaskInstance: user_processing.storing_user 2020-01-02T00:00:00+00:00 [queued]>
[2021-10-17 15:57:13,737] {taskinstance.py:876} INFO - Dependencies all met for <TaskInstance: user_processing.storing_user 2020-01-02T00:00:00+00:00 [queued]>
[2021-10-17 15:57:13,737] {taskinstance.py:1067} INFO - 
--------------------------------------------------------------------------------
[2021-10-17 15:57:13,737] {taskinstance.py:1068} INFO - Starting attempt 1 of 1
[2021-10-17 15:57:13,738] {taskinstance.py:1069} INFO - 
--------------------------------------------------------------------------------
[2021-10-17 15:57:13,757] {taskinstance.py:1087} INFO - Executing <Task(BashOperator): storing_user> on 2020-01-02T00:00:00+00:00
[2021-10-17 15:57:13,759] {standard_task_runner.py:52} INFO - Started process 11694 to run task
[2021-10-17 15:57:13,764] {standard_task_runner.py:76} INFO - Running: ['airflow', 'tasks', 'run', 'user_processing', 'storing_user', '2020-01-02T00:00:00+00:00', '--job-id', '37', '--pool', 'default_pool', '--raw', '--subdir', 'DAGS_FOLDER/user_processing.py', '--cfg-path', '/tmp/tmpgrrtp9da', '--error-file', '/tmp/tmp1yzarir5']
[2021-10-17 15:57:13,765] {standard_task_runner.py:77} INFO - Job 37: Subtask storing_user
[2021-10-17 15:57:13,858] {logging_mixin.py:104} INFO - Running <TaskInstance: user_processing.storing_user 2020-01-02T00:00:00+00:00 [running]> on host airflowvm
[2021-10-17 15:57:13,969] {taskinstance.py:1280} INFO - Exporting the following env vars:
AIRFLOW_CTX_DAG_OWNER=airflow
AIRFLOW_CTX_DAG_ID=user_processing
AIRFLOW_CTX_TASK_ID=storing_user
AIRFLOW_CTX_EXECUTION_DATE=2020-01-02T00:00:00+00:00
AIRFLOW_CTX_DAG_RUN_ID=scheduled__2020-01-02T00:00:00+00:00
[2021-10-17 15:57:13,969] {subprocess.py:52} INFO - Tmp dir root location: 
 /tmp
[2021-10-17 15:57:13,970] {subprocess.py:63} INFO - Running command: ['bash', '-c', 'echo -e ".separator ","\n.import /tmp/processed_user.csv users" | sqlite3 /home/airflow/airflow/airflow.db']
[2021-10-17 15:57:13,976] {subprocess.py:75} INFO - Output:
[2021-10-17 15:57:13,991] {subprocess.py:83} INFO - Command exited with return code 0
[2021-10-17 15:57:14,012] {taskinstance.py:1184} INFO - Marking task as SUCCESS. dag_id=user_processing, task_id=storing_user, execution_date=20200102T000000, start_date=20211017T155713, end_date=20211017T155714
[2021-10-17 15:57:14,035] {taskinstance.py:1245} INFO - 0 downstream tasks scheduled from follow-on schedule check
[2021-10-17 15:57:14,057] {local_task_job.py:151} INFO - Task exited with return code 0
