[2021-10-17 15:57:11,602] {taskinstance.py:876} INFO - Dependencies all met for <TaskInstance: user_processing.processing_user 2020-01-03T00:00:00+00:00 [queued]>
[2021-10-17 15:57:11,609] {taskinstance.py:876} INFO - Dependencies all met for <TaskInstance: user_processing.processing_user 2020-01-03T00:00:00+00:00 [queued]>
[2021-10-17 15:57:11,610] {taskinstance.py:1067} INFO - 
--------------------------------------------------------------------------------
[2021-10-17 15:57:11,610] {taskinstance.py:1068} INFO - Starting attempt 1 of 1
[2021-10-17 15:57:11,610] {taskinstance.py:1069} INFO - 
--------------------------------------------------------------------------------
[2021-10-17 15:57:11,628] {taskinstance.py:1087} INFO - Executing <Task(PythonOperator): processing_user> on 2020-01-03T00:00:00+00:00
[2021-10-17 15:57:11,629] {standard_task_runner.py:52} INFO - Started process 11667 to run task
[2021-10-17 15:57:11,634] {standard_task_runner.py:76} INFO - Running: ['airflow', 'tasks', 'run', 'user_processing', 'processing_user', '2020-01-03T00:00:00+00:00', '--job-id', '36', '--pool', 'default_pool', '--raw', '--subdir', 'DAGS_FOLDER/user_processing.py', '--cfg-path', '/tmp/tmp7jptu4n2', '--error-file', '/tmp/tmprvjg2oii']
[2021-10-17 15:57:11,635] {standard_task_runner.py:77} INFO - Job 36: Subtask processing_user
[2021-10-17 15:57:11,729] {logging_mixin.py:104} INFO - Running <TaskInstance: user_processing.processing_user 2020-01-03T00:00:00+00:00 [running]> on host airflowvm
[2021-10-17 15:57:11,831] {taskinstance.py:1280} INFO - Exporting the following env vars:
AIRFLOW_CTX_DAG_OWNER=airflow
AIRFLOW_CTX_DAG_ID=user_processing
AIRFLOW_CTX_TASK_ID=processing_user
AIRFLOW_CTX_EXECUTION_DATE=2020-01-03T00:00:00+00:00
AIRFLOW_CTX_DAG_RUN_ID=scheduled__2020-01-03T00:00:00+00:00
[2021-10-17 15:57:11,839] {python.py:151} INFO - Done. Returned value was: None
[2021-10-17 15:57:11,843] {taskinstance.py:1184} INFO - Marking task as SUCCESS. dag_id=user_processing, task_id=processing_user, execution_date=20200103T000000, start_date=20211017T155711, end_date=20211017T155711
[2021-10-17 15:57:11,877] {taskinstance.py:1245} INFO - 1 downstream tasks scheduled from follow-on schedule check
[2021-10-17 15:57:11,890] {local_task_job.py:151} INFO - Task exited with return code 0
