[2021-10-17 15:57:01,934] {taskinstance.py:876} INFO - Dependencies all met for <TaskInstance: user_processing.storing_user 2020-01-01T00:00:00+00:00 [queued]>
[2021-10-17 15:57:01,941] {taskinstance.py:876} INFO - Dependencies all met for <TaskInstance: user_processing.storing_user 2020-01-01T00:00:00+00:00 [queued]>
[2021-10-17 15:57:01,941] {taskinstance.py:1067} INFO - 
--------------------------------------------------------------------------------
[2021-10-17 15:57:01,942] {taskinstance.py:1068} INFO - Starting attempt 2 of 1
[2021-10-17 15:57:01,942] {taskinstance.py:1069} INFO - 
--------------------------------------------------------------------------------
[2021-10-17 15:57:01,959] {taskinstance.py:1087} INFO - Executing <Task(BashOperator): storing_user> on 2020-01-01T00:00:00+00:00
[2021-10-17 15:57:01,961] {standard_task_runner.py:52} INFO - Started process 11547 to run task
[2021-10-17 15:57:01,966] {standard_task_runner.py:76} INFO - Running: ['airflow', 'tasks', 'run', 'user_processing', 'storing_user', '2020-01-01T00:00:00+00:00', '--job-id', '32', '--pool', 'default_pool', '--raw', '--subdir', 'DAGS_FOLDER/user_processing.py', '--cfg-path', '/tmp/tmpla4mwxj0', '--error-file', '/tmp/tmplhzyh83s']
[2021-10-17 15:57:01,967] {standard_task_runner.py:77} INFO - Job 32: Subtask storing_user
[2021-10-17 15:57:02,063] {logging_mixin.py:104} INFO - Running <TaskInstance: user_processing.storing_user 2020-01-01T00:00:00+00:00 [running]> on host airflowvm
[2021-10-17 15:57:02,168] {taskinstance.py:1280} INFO - Exporting the following env vars:
AIRFLOW_CTX_DAG_OWNER=airflow
AIRFLOW_CTX_DAG_ID=user_processing
AIRFLOW_CTX_TASK_ID=storing_user
AIRFLOW_CTX_EXECUTION_DATE=2020-01-01T00:00:00+00:00
AIRFLOW_CTX_DAG_RUN_ID=scheduled__2020-01-01T00:00:00+00:00
[2021-10-17 15:57:02,168] {subprocess.py:52} INFO - Tmp dir root location: 
 /tmp
[2021-10-17 15:57:02,169] {subprocess.py:63} INFO - Running command: ['bash', '-c', 'echo -e ".separator ","\n.import /tmp/processed_user.csv users" | sqlite3 /home/airflow/airflow/airflow.db']
[2021-10-17 15:57:02,174] {subprocess.py:75} INFO - Output:
[2021-10-17 15:57:02,188] {subprocess.py:83} INFO - Command exited with return code 0
[2021-10-17 15:57:02,212] {taskinstance.py:1184} INFO - Marking task as SUCCESS. dag_id=user_processing, task_id=storing_user, execution_date=20200101T000000, start_date=20211017T155701, end_date=20211017T155702
[2021-10-17 15:57:02,234] {taskinstance.py:1245} INFO - 0 downstream tasks scheduled from follow-on schedule check
[2021-10-17 15:57:02,261] {local_task_job.py:151} INFO - Task exited with return code 0
