[2021-10-17 15:56:50,502] {taskinstance.py:876} INFO - Dependencies all met for <TaskInstance: user_processing.processing_user 2020-01-01T00:00:00+00:00 [queued]>
[2021-10-17 15:56:50,508] {taskinstance.py:876} INFO - Dependencies all met for <TaskInstance: user_processing.processing_user 2020-01-01T00:00:00+00:00 [queued]>
[2021-10-17 15:56:50,509] {taskinstance.py:1067} INFO - 
--------------------------------------------------------------------------------
[2021-10-17 15:56:50,509] {taskinstance.py:1068} INFO - Starting attempt 2 of 1
[2021-10-17 15:56:50,509] {taskinstance.py:1069} INFO - 
--------------------------------------------------------------------------------
[2021-10-17 15:56:50,526] {taskinstance.py:1087} INFO - Executing <Task(PythonOperator): processing_user> on 2020-01-01T00:00:00+00:00
[2021-10-17 15:56:50,527] {standard_task_runner.py:52} INFO - Started process 11411 to run task
[2021-10-17 15:56:50,533] {standard_task_runner.py:76} INFO - Running: ['airflow', 'tasks', 'run', 'user_processing', 'processing_user', '2020-01-01T00:00:00+00:00', '--job-id', '27', '--pool', 'default_pool', '--raw', '--subdir', 'DAGS_FOLDER/user_processing.py', '--cfg-path', '/tmp/tmps83mytqs', '--error-file', '/tmp/tmpzoz3c4ay']
[2021-10-17 15:56:50,533] {standard_task_runner.py:77} INFO - Job 27: Subtask processing_user
[2021-10-17 15:56:50,620] {logging_mixin.py:104} INFO - Running <TaskInstance: user_processing.processing_user 2020-01-01T00:00:00+00:00 [running]> on host airflowvm
[2021-10-17 15:56:50,717] {taskinstance.py:1280} INFO - Exporting the following env vars:
AIRFLOW_CTX_DAG_OWNER=airflow
AIRFLOW_CTX_DAG_ID=user_processing
AIRFLOW_CTX_TASK_ID=processing_user
AIRFLOW_CTX_EXECUTION_DATE=2020-01-01T00:00:00+00:00
AIRFLOW_CTX_DAG_RUN_ID=scheduled__2020-01-01T00:00:00+00:00
[2021-10-17 15:56:50,726] {python.py:151} INFO - Done. Returned value was: None
[2021-10-17 15:56:50,729] {taskinstance.py:1184} INFO - Marking task as SUCCESS. dag_id=user_processing, task_id=processing_user, execution_date=20200101T000000, start_date=20211017T155650, end_date=20211017T155650
[2021-10-17 15:56:50,763] {taskinstance.py:1245} INFO - 1 downstream tasks scheduled from follow-on schedule check
[2021-10-17 15:56:50,785] {local_task_job.py:151} INFO - Task exited with return code 0
