[2021-10-18 17:19:29,185] {taskinstance.py:876} INFO - Dependencies all met for <TaskInstance: parallel_dag.task_1 2021-10-17T00:00:00+00:00 [queued]>
[2021-10-18 17:19:29,201] {taskinstance.py:876} INFO - Dependencies all met for <TaskInstance: parallel_dag.task_1 2021-10-17T00:00:00+00:00 [queued]>
[2021-10-18 17:19:29,202] {taskinstance.py:1067} INFO - 
--------------------------------------------------------------------------------
[2021-10-18 17:19:29,202] {taskinstance.py:1068} INFO - Starting attempt 1 of 1
[2021-10-18 17:19:29,202] {taskinstance.py:1069} INFO - 
--------------------------------------------------------------------------------
[2021-10-18 17:19:29,225] {taskinstance.py:1087} INFO - Executing <Task(BashOperator): task_1> on 2021-10-17T00:00:00+00:00
[2021-10-18 17:19:29,226] {standard_task_runner.py:52} INFO - Started process 5034 to run task
[2021-10-18 17:19:29,232] {standard_task_runner.py:76} INFO - Running: ['airflow', 'tasks', 'run', 'parallel_dag', 'task_1', '2021-10-17T00:00:00+00:00', '--job-id', '49', '--pool', 'default_pool', '--raw', '--subdir', 'DAGS_FOLDER/parallel_dag.py', '--cfg-path', '/tmp/tmpedvd_t5l', '--error-file', '/tmp/tmppxodyivv']
[2021-10-18 17:19:29,233] {standard_task_runner.py:77} INFO - Job 49: Subtask task_1
[2021-10-18 17:19:29,352] {logging_mixin.py:104} INFO - Running <TaskInstance: parallel_dag.task_1 2021-10-17T00:00:00+00:00 [running]> on host airflowvm
[2021-10-18 17:19:29,494] {taskinstance.py:1280} INFO - Exporting the following env vars:
AIRFLOW_CTX_DAG_OWNER=airflow
AIRFLOW_CTX_DAG_ID=parallel_dag
AIRFLOW_CTX_TASK_ID=task_1
AIRFLOW_CTX_EXECUTION_DATE=2021-10-17T00:00:00+00:00
AIRFLOW_CTX_DAG_RUN_ID=scheduled__2021-10-17T00:00:00+00:00
[2021-10-18 17:19:29,494] {subprocess.py:52} INFO - Tmp dir root location: 
 /tmp
[2021-10-18 17:19:29,495] {subprocess.py:63} INFO - Running command: ['bash', '-c', 'sleep 3']
[2021-10-18 17:19:29,501] {subprocess.py:75} INFO - Output:
[2021-10-18 17:19:32,504] {subprocess.py:83} INFO - Command exited with return code 0
[2021-10-18 17:19:32,544] {taskinstance.py:1184} INFO - Marking task as SUCCESS. dag_id=parallel_dag, task_id=task_1, execution_date=20211017T000000, start_date=20211018T171929, end_date=20211018T171932
[2021-10-18 17:19:32,578] {taskinstance.py:1245} INFO - 2 downstream tasks scheduled from follow-on schedule check
[2021-10-18 17:19:32,594] {local_task_job.py:151} INFO - Task exited with return code 0
[2021-10-18 17:51:14,239] {taskinstance.py:876} INFO - Dependencies all met for <TaskInstance: parallel_dag.task_1 2021-10-17T00:00:00+00:00 [queued]>
[2021-10-18 17:51:14,250] {taskinstance.py:876} INFO - Dependencies all met for <TaskInstance: parallel_dag.task_1 2021-10-17T00:00:00+00:00 [queued]>
[2021-10-18 17:51:14,251] {taskinstance.py:1067} INFO - 
--------------------------------------------------------------------------------
[2021-10-18 17:51:14,251] {taskinstance.py:1068} INFO - Starting attempt 1 of 1
[2021-10-18 17:51:14,251] {taskinstance.py:1069} INFO - 
--------------------------------------------------------------------------------
[2021-10-18 17:51:14,267] {taskinstance.py:1087} INFO - Executing <Task(BashOperator): task_1> on 2021-10-17T00:00:00+00:00
[2021-10-18 17:51:14,269] {standard_task_runner.py:52} INFO - Started process 14010 to run task
[2021-10-18 17:51:14,274] {standard_task_runner.py:76} INFO - Running: ['airflow', 'tasks', 'run', 'parallel_dag', 'task_1', '2021-10-17T00:00:00+00:00', '--job-id', '2', '--pool', 'default_pool', '--raw', '--subdir', 'DAGS_FOLDER/parallel_dag.py', '--cfg-path', '/tmp/tmp4qfgmcxz', '--error-file', '/tmp/tmpausod6ow']
[2021-10-18 17:51:14,275] {standard_task_runner.py:77} INFO - Job 2: Subtask task_1
[2021-10-18 17:51:14,379] {logging_mixin.py:104} INFO - Running <TaskInstance: parallel_dag.task_1 2021-10-17T00:00:00+00:00 [running]> on host airflowvm
[2021-10-18 17:51:14,533] {taskinstance.py:1280} INFO - Exporting the following env vars:
AIRFLOW_CTX_DAG_OWNER=airflow
AIRFLOW_CTX_DAG_ID=parallel_dag
AIRFLOW_CTX_TASK_ID=task_1
AIRFLOW_CTX_EXECUTION_DATE=2021-10-17T00:00:00+00:00
AIRFLOW_CTX_DAG_RUN_ID=scheduled__2021-10-17T00:00:00+00:00
[2021-10-18 17:51:14,534] {subprocess.py:52} INFO - Tmp dir root location: 
 /tmp
[2021-10-18 17:51:14,535] {subprocess.py:63} INFO - Running command: ['bash', '-c', 'sleep 3']
[2021-10-18 17:51:14,541] {subprocess.py:75} INFO - Output:
[2021-10-18 17:51:17,544] {subprocess.py:83} INFO - Command exited with return code 0
[2021-10-18 17:51:17,608] {taskinstance.py:1184} INFO - Marking task as SUCCESS. dag_id=parallel_dag, task_id=task_1, execution_date=20211017T000000, start_date=20211018T175114, end_date=20211018T175117
[2021-10-18 17:51:17,659] {taskinstance.py:1245} INFO - 2 downstream tasks scheduled from follow-on schedule check
[2021-10-18 17:51:17,684] {local_task_job.py:151} INFO - Task exited with return code 0
