[2021-10-17 15:57:28,878] {taskinstance.py:876} INFO - Dependencies all met for <TaskInstance: user_processing.creating_table 2020-01-08T00:00:00+00:00 [queued]>
[2021-10-17 15:57:28,886] {taskinstance.py:876} INFO - Dependencies all met for <TaskInstance: user_processing.creating_table 2020-01-08T00:00:00+00:00 [queued]>
[2021-10-17 15:57:28,887] {taskinstance.py:1067} INFO - 
--------------------------------------------------------------------------------
[2021-10-17 15:57:28,887] {taskinstance.py:1068} INFO - Starting attempt 1 of 1
[2021-10-17 15:57:28,888] {taskinstance.py:1069} INFO - 
--------------------------------------------------------------------------------
[2021-10-17 15:57:28,908] {taskinstance.py:1087} INFO - Executing <Task(SqliteOperator): creating_table> on 2020-01-08T00:00:00+00:00
[2021-10-17 15:57:28,921] {standard_task_runner.py:76} INFO - Running: ['airflow', 'tasks', 'run', 'user_processing', 'creating_table', '2020-01-08T00:00:00+00:00', '--job-id', '43', '--pool', 'default_pool', '--raw', '--subdir', 'DAGS_FOLDER/user_processing.py', '--cfg-path', '/tmp/tmpzwmmeluu', '--error-file', '/tmp/tmphow6f336']
[2021-10-17 15:57:28,923] {standard_task_runner.py:77} INFO - Job 43: Subtask creating_table
[2021-10-17 15:57:28,910] {standard_task_runner.py:52} INFO - Started process 11883 to run task
[2021-10-17 15:57:29,018] {logging_mixin.py:104} INFO - Running <TaskInstance: user_processing.creating_table 2020-01-08T00:00:00+00:00 [running]> on host airflowvm
[2021-10-17 15:57:29,130] {taskinstance.py:1280} INFO - Exporting the following env vars:
AIRFLOW_CTX_DAG_OWNER=airflow
AIRFLOW_CTX_DAG_ID=user_processing
AIRFLOW_CTX_TASK_ID=creating_table
AIRFLOW_CTX_EXECUTION_DATE=2020-01-08T00:00:00+00:00
AIRFLOW_CTX_DAG_RUN_ID=scheduled__2020-01-08T00:00:00+00:00
[2021-10-17 15:57:29,131] {sqlite.py:63} INFO - Executing: 
            CREATE TABLE IF NOT EXISTS users (
                firstname TEXT NOT NULL,
                lastname TEXT NOT NULL,
                country TEXT NOT NULL,
                username TEXT NOT NULL,
                password TEXT NOT NULL,
                email TEXT NOT NULL PRIMARY KEY
            );
            
[2021-10-17 15:57:29,134] {base.py:69} INFO - Using connection to: id: db_sqlite. Host: /home/airflow/airflow/airflow.db, Port: None, Schema: , Login: , Password: None, extra: {}
[2021-10-17 15:57:29,135] {dbapi.py:204} INFO - Running statement: 
            CREATE TABLE IF NOT EXISTS users (
                firstname TEXT NOT NULL,
                lastname TEXT NOT NULL,
                country TEXT NOT NULL,
                username TEXT NOT NULL,
                password TEXT NOT NULL,
                email TEXT NOT NULL PRIMARY KEY
            );
            , parameters: []
[2021-10-17 15:57:29,139] {taskinstance.py:1184} INFO - Marking task as SUCCESS. dag_id=user_processing, task_id=creating_table, execution_date=20200108T000000, start_date=20211017T155728, end_date=20211017T155729
[2021-10-17 15:57:29,175] {taskinstance.py:1245} INFO - 1 downstream tasks scheduled from follow-on schedule check
[2021-10-17 15:57:29,182] {local_task_job.py:151} INFO - Task exited with return code 0
