[2021-10-17 15:57:09,083] {taskinstance.py:876} INFO - Dependencies all met for <TaskInstance: user_processing.extracting_user 2020-01-04T00:00:00+00:00 [queued]>
[2021-10-17 15:57:09,090] {taskinstance.py:876} INFO - Dependencies all met for <TaskInstance: user_processing.extracting_user 2020-01-04T00:00:00+00:00 [queued]>
[2021-10-17 15:57:09,090] {taskinstance.py:1067} INFO - 
--------------------------------------------------------------------------------
[2021-10-17 15:57:09,090] {taskinstance.py:1068} INFO - Starting attempt 1 of 1
[2021-10-17 15:57:09,090] {taskinstance.py:1069} INFO - 
--------------------------------------------------------------------------------
[2021-10-17 15:57:09,115] {taskinstance.py:1087} INFO - Executing <Task(SimpleHttpOperator): extracting_user> on 2020-01-04T00:00:00+00:00
[2021-10-17 15:57:09,117] {standard_task_runner.py:52} INFO - Started process 11637 to run task
[2021-10-17 15:57:09,123] {standard_task_runner.py:76} INFO - Running: ['airflow', 'tasks', 'run', 'user_processing', 'extracting_user', '2020-01-04T00:00:00+00:00', '--job-id', '35', '--pool', 'default_pool', '--raw', '--subdir', 'DAGS_FOLDER/user_processing.py', '--cfg-path', '/tmp/tmpwxd956hw', '--error-file', '/tmp/tmpnnzxotia']
[2021-10-17 15:57:09,124] {standard_task_runner.py:77} INFO - Job 35: Subtask extracting_user
[2021-10-17 15:57:09,236] {logging_mixin.py:104} INFO - Running <TaskInstance: user_processing.extracting_user 2020-01-04T00:00:00+00:00 [running]> on host airflowvm
[2021-10-17 15:57:09,345] {taskinstance.py:1280} INFO - Exporting the following env vars:
AIRFLOW_CTX_DAG_OWNER=airflow
AIRFLOW_CTX_DAG_ID=user_processing
AIRFLOW_CTX_TASK_ID=extracting_user
AIRFLOW_CTX_EXECUTION_DATE=2020-01-04T00:00:00+00:00
AIRFLOW_CTX_DAG_RUN_ID=scheduled__2020-01-04T00:00:00+00:00
[2021-10-17 15:57:09,345] {http.py:111} INFO - Calling HTTP method
[2021-10-17 15:57:09,349] {base.py:69} INFO - Using connection to: id: user_api. Host: https://randomuser.me/, Port: None, Schema: , Login: , Password: None, extra: {}
[2021-10-17 15:57:09,351] {http.py:140} INFO - Sending 'GET' to url: https://randomuser.me/api/
[2021-10-17 15:57:09,722] {http.py:115} INFO - {"results":[{"gender":"female","name":{"title":"Ms","first":"Maya","last":"Li"},"location":{"street":{"number":8151,"name":"West Ave"},"city":"Hampstead","state":"New Brunswick","country":"Canada","postcode":"M2B 4L5","coordinates":{"latitude":"-65.9295","longitude":"169.8199"},"timezone":{"offset":"+10:00","description":"Eastern Australia, Guam, Vladivostok"}},"email":"maya.li@example.com","login":{"uuid":"c8cfdf64-310b-441f-b428-4d32ea573e58","username":"orangefish869","password":"blossom","salt":"gdTrg0Rq","md5":"786e95715ccdb46beac34a4de4f5c1a6","sha1":"20cb698c9043d48928785436616dcb9c3da0fc17","sha256":"5fb46c46dd4eb0ae36b26d43d2f7a7fec013ac9920bd2ccb06e26547aaf33066"},"dob":{"date":"1955-02-16T16:48:28.130Z","age":66},"registered":{"date":"2005-03-22T05:17:55.917Z","age":16},"phone":"634-293-5376","cell":"473-942-3853","id":{"name":"","value":null},"picture":{"large":"https://randomuser.me/api/portraits/women/90.jpg","medium":"https://randomuser.me/api/portraits/med/women/90.jpg","thumbnail":"https://randomuser.me/api/portraits/thumb/women/90.jpg"},"nat":"CA"}],"info":{"seed":"a96c108d756368e3","results":1,"page":1,"version":"1.3"}}
[2021-10-17 15:57:09,764] {taskinstance.py:1184} INFO - Marking task as SUCCESS. dag_id=user_processing, task_id=extracting_user, execution_date=20200104T000000, start_date=20211017T155709, end_date=20211017T155709
[2021-10-17 15:57:09,802] {taskinstance.py:1245} INFO - 1 downstream tasks scheduled from follow-on schedule check
[2021-10-17 15:57:09,820] {local_task_job.py:151} INFO - Task exited with return code 0
