[2021-10-17 15:57:20,597] {taskinstance.py:876} INFO - Dependencies all met for <TaskInstance: user_processing.extracting_user 2020-01-05T00:00:00+00:00 [queued]>
[2021-10-17 15:57:20,603] {taskinstance.py:876} INFO - Dependencies all met for <TaskInstance: user_processing.extracting_user 2020-01-05T00:00:00+00:00 [queued]>
[2021-10-17 15:57:20,603] {taskinstance.py:1067} INFO - 
--------------------------------------------------------------------------------
[2021-10-17 15:57:20,604] {taskinstance.py:1068} INFO - Starting attempt 1 of 1
[2021-10-17 15:57:20,604] {taskinstance.py:1069} INFO - 
--------------------------------------------------------------------------------
[2021-10-17 15:57:20,624] {taskinstance.py:1087} INFO - Executing <Task(SimpleHttpOperator): extracting_user> on 2020-01-05T00:00:00+00:00
[2021-10-17 15:57:20,625] {standard_task_runner.py:52} INFO - Started process 11775 to run task
[2021-10-17 15:57:20,630] {standard_task_runner.py:76} INFO - Running: ['airflow', 'tasks', 'run', 'user_processing', 'extracting_user', '2020-01-05T00:00:00+00:00', '--job-id', '40', '--pool', 'default_pool', '--raw', '--subdir', 'DAGS_FOLDER/user_processing.py', '--cfg-path', '/tmp/tmpmseveruo', '--error-file', '/tmp/tmp2q09lg_3']
[2021-10-17 15:57:20,632] {standard_task_runner.py:77} INFO - Job 40: Subtask extracting_user
[2021-10-17 15:57:20,752] {logging_mixin.py:104} INFO - Running <TaskInstance: user_processing.extracting_user 2020-01-05T00:00:00+00:00 [running]> on host airflowvm
[2021-10-17 15:57:20,860] {taskinstance.py:1280} INFO - Exporting the following env vars:
AIRFLOW_CTX_DAG_OWNER=airflow
AIRFLOW_CTX_DAG_ID=user_processing
AIRFLOW_CTX_TASK_ID=extracting_user
AIRFLOW_CTX_EXECUTION_DATE=2020-01-05T00:00:00+00:00
AIRFLOW_CTX_DAG_RUN_ID=scheduled__2020-01-05T00:00:00+00:00
[2021-10-17 15:57:20,861] {http.py:111} INFO - Calling HTTP method
[2021-10-17 15:57:20,864] {base.py:69} INFO - Using connection to: id: user_api. Host: https://randomuser.me/, Port: None, Schema: , Login: , Password: None, extra: {}
[2021-10-17 15:57:20,865] {http.py:140} INFO - Sending 'GET' to url: https://randomuser.me/api/
[2021-10-17 15:57:21,223] {http.py:115} INFO - {"results":[{"gender":"male","name":{"title":"Mr","first":"Max","last":"Smith"},"location":{"street":{"number":7762,"name":"Sherborne Street"},"city":"Christchurch","state":"Northland","country":"New Zealand","postcode":56217,"coordinates":{"latitude":"63.8163","longitude":"-24.5098"},"timezone":{"offset":"+9:30","description":"Adelaide, Darwin"}},"email":"max.smith@example.com","login":{"uuid":"baecc188-1b95-4768-a763-9f4e48c0e5c7","username":"happyelephant654","password":"jamie","salt":"eULvCAHP","md5":"6ae7999ef796fcdb6787863cb01cb088","sha1":"4e7ad81db632c14792bbe121c1a57f105f63eead","sha256":"205f12c91092d45defa0f5f7254c162a1248eeb71b93d4d07555ccdf4b143814"},"dob":{"date":"1998-01-05T14:34:42.622Z","age":23},"registered":{"date":"2006-08-29T19:25:39.245Z","age":15},"phone":"(357)-083-7421","cell":"(221)-458-9908","id":{"name":"","value":null},"picture":{"large":"https://randomuser.me/api/portraits/men/92.jpg","medium":"https://randomuser.me/api/portraits/med/men/92.jpg","thumbnail":"https://randomuser.me/api/portraits/thumb/men/92.jpg"},"nat":"NZ"}],"info":{"seed":"319a32d091b22eb2","results":1,"page":1,"version":"1.3"}}
[2021-10-17 15:57:21,261] {taskinstance.py:1184} INFO - Marking task as SUCCESS. dag_id=user_processing, task_id=extracting_user, execution_date=20200105T000000, start_date=20211017T155720, end_date=20211017T155721
[2021-10-17 15:57:21,303] {taskinstance.py:1245} INFO - 1 downstream tasks scheduled from follow-on schedule check
[2021-10-17 15:57:21,335] {local_task_job.py:151} INFO - Task exited with return code 0
