[2021-10-17 15:57:16,159] {taskinstance.py:876} INFO - Dependencies all met for <TaskInstance: user_processing.creating_table 2020-01-07T00:00:00+00:00 [queued]>
[2021-10-17 15:57:16,164] {taskinstance.py:876} INFO - Dependencies all met for <TaskInstance: user_processing.creating_table 2020-01-07T00:00:00+00:00 [queued]>
[2021-10-17 15:57:16,165] {taskinstance.py:1067} INFO - 
--------------------------------------------------------------------------------
[2021-10-17 15:57:16,165] {taskinstance.py:1068} INFO - Starting attempt 1 of 1
[2021-10-17 15:57:16,165] {taskinstance.py:1069} INFO - 
--------------------------------------------------------------------------------
[2021-10-17 15:57:16,183] {taskinstance.py:1087} INFO - Executing <Task(SqliteOperator): creating_table> on 2020-01-07T00:00:00+00:00
[2021-10-17 15:57:16,184] {standard_task_runner.py:52} INFO - Started process 11729 to run task
[2021-10-17 15:57:16,191] {standard_task_runner.py:76} INFO - Running: ['airflow', 'tasks', 'run', 'user_processing', 'creating_table', '2020-01-07T00:00:00+00:00', '--job-id', '38', '--pool', 'default_pool', '--raw', '--subdir', 'DAGS_FOLDER/user_processing.py', '--cfg-path', '/tmp/tmpm8wuhgdz', '--error-file', '/tmp/tmp0u1x1jxt']
[2021-10-17 15:57:16,191] {standard_task_runner.py:77} INFO - Job 38: Subtask creating_table
[2021-10-17 15:57:16,292] {logging_mixin.py:104} INFO - Running <TaskInstance: user_processing.creating_table 2020-01-07T00:00:00+00:00 [running]> on host airflowvm
[2021-10-17 15:57:16,401] {taskinstance.py:1280} INFO - Exporting the following env vars:
AIRFLOW_CTX_DAG_OWNER=airflow
AIRFLOW_CTX_DAG_ID=user_processing
AIRFLOW_CTX_TASK_ID=creating_table
AIRFLOW_CTX_EXECUTION_DATE=2020-01-07T00:00:00+00:00
AIRFLOW_CTX_DAG_RUN_ID=scheduled__2020-01-07T00:00:00+00:00
[2021-10-17 15:57:16,402] {sqlite.py:63} INFO - Executing: 
            CREATE TABLE IF NOT EXISTS users (
                firstname TEXT NOT NULL,
                lastname TEXT NOT NULL,
                country TEXT NOT NULL,
                username TEXT NOT NULL,
                password TEXT NOT NULL,
                email TEXT NOT NULL PRIMARY KEY
            );
            
[2021-10-17 15:57:16,406] {base.py:69} INFO - Using connection to: id: db_sqlite. Host: /home/airflow/airflow/airflow.db, Port: None, Schema: , Login: , Password: None, extra: {}
[2021-10-17 15:57:16,407] {dbapi.py:204} INFO - Running statement: 
            CREATE TABLE IF NOT EXISTS users (
                firstname TEXT NOT NULL,
                lastname TEXT NOT NULL,
                country TEXT NOT NULL,
                username TEXT NOT NULL,
                password TEXT NOT NULL,
                email TEXT NOT NULL PRIMARY KEY
            );
            , parameters: []
[2021-10-17 15:57:16,411] {taskinstance.py:1184} INFO - Marking task as SUCCESS. dag_id=user_processing, task_id=creating_table, execution_date=20200107T000000, start_date=20211017T155716, end_date=20211017T155716
[2021-10-17 15:57:16,444] {taskinstance.py:1245} INFO - 1 downstream tasks scheduled from follow-on schedule check
[2021-10-17 15:57:16,486] {local_task_job.py:151} INFO - Task exited with return code 0
