[2021-10-17 15:56:40,623] {taskinstance.py:876} INFO - Dependencies all met for <TaskInstance: user_processing.extracting_user 2020-01-01T00:00:00+00:00 [queued]>
[2021-10-17 15:56:40,630] {taskinstance.py:876} INFO - Dependencies all met for <TaskInstance: user_processing.extracting_user 2020-01-01T00:00:00+00:00 [queued]>
[2021-10-17 15:56:40,630] {taskinstance.py:1067} INFO - 
--------------------------------------------------------------------------------
[2021-10-17 15:56:40,631] {taskinstance.py:1068} INFO - Starting attempt 2 of 1
[2021-10-17 15:56:40,631] {taskinstance.py:1069} INFO - 
--------------------------------------------------------------------------------
[2021-10-17 15:56:40,658] {taskinstance.py:1087} INFO - Executing <Task(SimpleHttpOperator): extracting_user> on 2020-01-01T00:00:00+00:00
[2021-10-17 15:56:40,659] {standard_task_runner.py:52} INFO - Started process 11288 to run task
[2021-10-17 15:56:40,664] {standard_task_runner.py:76} INFO - Running: ['airflow', 'tasks', 'run', 'user_processing', 'extracting_user', '2020-01-01T00:00:00+00:00', '--job-id', '23', '--pool', 'default_pool', '--raw', '--subdir', 'DAGS_FOLDER/user_processing.py', '--cfg-path', '/tmp/tmpaggf5q5z', '--error-file', '/tmp/tmp48fry42g']
[2021-10-17 15:56:40,665] {standard_task_runner.py:77} INFO - Job 23: Subtask extracting_user
[2021-10-17 15:56:40,754] {logging_mixin.py:104} INFO - Running <TaskInstance: user_processing.extracting_user 2020-01-01T00:00:00+00:00 [running]> on host airflowvm
[2021-10-17 15:56:40,864] {taskinstance.py:1280} INFO - Exporting the following env vars:
AIRFLOW_CTX_DAG_OWNER=airflow
AIRFLOW_CTX_DAG_ID=user_processing
AIRFLOW_CTX_TASK_ID=extracting_user
AIRFLOW_CTX_EXECUTION_DATE=2020-01-01T00:00:00+00:00
AIRFLOW_CTX_DAG_RUN_ID=scheduled__2020-01-01T00:00:00+00:00
[2021-10-17 15:56:40,865] {http.py:111} INFO - Calling HTTP method
[2021-10-17 15:56:40,868] {base.py:69} INFO - Using connection to: id: user_api. Host: https://randomuser.me/, Port: None, Schema: , Login: , Password: None, extra: {}
[2021-10-17 15:56:40,869] {http.py:140} INFO - Sending 'GET' to url: https://randomuser.me/api/
[2021-10-17 15:56:41,217] {http.py:115} INFO - {"results":[{"gender":"male","name":{"title":"Mr","first":"Mounir","last":"Knoef"},"location":{"street":{"number":433,"name":"Abrahamsplein"},"city":"Haarsteeg","state":"Flevoland","country":"Netherlands","postcode":57600,"coordinates":{"latitude":"46.9936","longitude":"-59.8275"},"timezone":{"offset":"+9:30","description":"Adelaide, Darwin"}},"email":"mounir.knoef@example.com","login":{"uuid":"a6e00418-00c4-45c0-a17e-4a5549f3be30","username":"heavytiger372","password":"andyod22","salt":"bcWrwVcj","md5":"5fe20e43e5d78f7a6ce8db1d5179e1e8","sha1":"80d8e5cc216417835f50ec1d9dab90a1dae0cab0","sha256":"b1e9ad486c7da0bb2bc471eb198f0011fb7f5ccc2712303e469f09178b219c2f"},"dob":{"date":"1979-08-30T02:36:34.887Z","age":42},"registered":{"date":"2007-10-05T09:36:12.884Z","age":14},"phone":"(259)-278-2079","cell":"(733)-974-6943","id":{"name":"BSN","value":"97423490"},"picture":{"large":"https://randomuser.me/api/portraits/men/31.jpg","medium":"https://randomuser.me/api/portraits/med/men/31.jpg","thumbnail":"https://randomuser.me/api/portraits/thumb/men/31.jpg"},"nat":"NL"}],"info":{"seed":"60b6ff70f66b7ff8","results":1,"page":1,"version":"1.3"}}
[2021-10-17 15:56:41,257] {taskinstance.py:1184} INFO - Marking task as SUCCESS. dag_id=user_processing, task_id=extracting_user, execution_date=20200101T000000, start_date=20211017T155640, end_date=20211017T155641
[2021-10-17 15:56:41,293] {taskinstance.py:1245} INFO - 1 downstream tasks scheduled from follow-on schedule check
[2021-10-17 15:56:41,318] {local_task_job.py:151} INFO - Task exited with return code 0
