[2021-10-17 15:37:00,694] {taskinstance.py:876} INFO - Dependencies all met for <TaskInstance: user_processing.storing_user 2021-10-16T00:00:00+00:00 [queued]>
[2021-10-17 15:37:00,700] {taskinstance.py:876} INFO - Dependencies all met for <TaskInstance: user_processing.storing_user 2021-10-16T00:00:00+00:00 [queued]>
[2021-10-17 15:37:00,700] {taskinstance.py:1067} INFO - 
--------------------------------------------------------------------------------
[2021-10-17 15:37:00,700] {taskinstance.py:1068} INFO - Starting attempt 1 of 1
[2021-10-17 15:37:00,701] {taskinstance.py:1069} INFO - 
--------------------------------------------------------------------------------
[2021-10-17 15:37:00,717] {taskinstance.py:1087} INFO - Executing <Task(BashOperator): storing_user> on 2021-10-16T00:00:00+00:00
[2021-10-17 15:37:00,719] {standard_task_runner.py:52} INFO - Started process 4400 to run task
[2021-10-17 15:37:00,724] {standard_task_runner.py:76} INFO - Running: ['airflow', 'tasks', 'run', 'user_processing', 'storing_user', '2021-10-16T00:00:00+00:00', '--job-id', '17', '--pool', 'default_pool', '--raw', '--subdir', 'DAGS_FOLDER/user_processing.py', '--cfg-path', '/tmp/tmpscap8y48', '--error-file', '/tmp/tmp7iofartg']
[2021-10-17 15:37:00,725] {standard_task_runner.py:77} INFO - Job 17: Subtask storing_user
[2021-10-17 15:37:00,814] {logging_mixin.py:104} INFO - Running <TaskInstance: user_processing.storing_user 2021-10-16T00:00:00+00:00 [running]> on host airflowvm
[2021-10-17 15:37:00,948] {taskinstance.py:1280} INFO - Exporting the following env vars:
AIRFLOW_CTX_DAG_OWNER=airflow
AIRFLOW_CTX_DAG_ID=user_processing
AIRFLOW_CTX_TASK_ID=storing_user
AIRFLOW_CTX_EXECUTION_DATE=2021-10-16T00:00:00+00:00
AIRFLOW_CTX_DAG_RUN_ID=scheduled__2021-10-16T00:00:00+00:00
[2021-10-17 15:37:00,949] {subprocess.py:52} INFO - Tmp dir root location: 
 /tmp
[2021-10-17 15:37:00,949] {subprocess.py:63} INFO - Running command: ['bash', '-c', 'echo -e ".separator ","\n.import /tmp/processed_user.csv users" | sqlite3 /home/airflow/airflow/airflow.db']
[2021-10-17 15:37:00,954] {subprocess.py:75} INFO - Output:
[2021-10-17 15:37:00,994] {subprocess.py:83} INFO - Command exited with return code 0
[2021-10-17 15:37:01,015] {taskinstance.py:1184} INFO - Marking task as SUCCESS. dag_id=user_processing, task_id=storing_user, execution_date=20211016T000000, start_date=20211017T153700, end_date=20211017T153701
[2021-10-17 15:37:01,039] {taskinstance.py:1245} INFO - 0 downstream tasks scheduled from follow-on schedule check
[2021-10-17 15:37:01,060] {local_task_job.py:151} INFO - Task exited with return code 0
