[2021-10-17 15:57:23,672] {taskinstance.py:876} INFO - Dependencies all met for <TaskInstance: user_processing.processing_user 2020-01-04T00:00:00+00:00 [queued]>
[2021-10-17 15:57:23,677] {taskinstance.py:876} INFO - Dependencies all met for <TaskInstance: user_processing.processing_user 2020-01-04T00:00:00+00:00 [queued]>
[2021-10-17 15:57:23,678] {taskinstance.py:1067} INFO - 
--------------------------------------------------------------------------------
[2021-10-17 15:57:23,678] {taskinstance.py:1068} INFO - Starting attempt 1 of 1
[2021-10-17 15:57:23,678] {taskinstance.py:1069} INFO - 
--------------------------------------------------------------------------------
[2021-10-17 15:57:23,697] {taskinstance.py:1087} INFO - Executing <Task(PythonOperator): processing_user> on 2020-01-04T00:00:00+00:00
[2021-10-17 15:57:23,698] {standard_task_runner.py:52} INFO - Started process 11818 to run task
[2021-10-17 15:57:23,710] {standard_task_runner.py:76} INFO - Running: ['airflow', 'tasks', 'run', 'user_processing', 'processing_user', '2020-01-04T00:00:00+00:00', '--job-id', '41', '--pool', 'default_pool', '--raw', '--subdir', 'DAGS_FOLDER/user_processing.py', '--cfg-path', '/tmp/tmpqpnb2zzn', '--error-file', '/tmp/tmpbn1tgu2x']
[2021-10-17 15:57:23,711] {standard_task_runner.py:77} INFO - Job 41: Subtask processing_user
[2021-10-17 15:57:23,807] {logging_mixin.py:104} INFO - Running <TaskInstance: user_processing.processing_user 2020-01-04T00:00:00+00:00 [running]> on host airflowvm
[2021-10-17 15:57:23,911] {taskinstance.py:1280} INFO - Exporting the following env vars:
AIRFLOW_CTX_DAG_OWNER=airflow
AIRFLOW_CTX_DAG_ID=user_processing
AIRFLOW_CTX_TASK_ID=processing_user
AIRFLOW_CTX_EXECUTION_DATE=2020-01-04T00:00:00+00:00
AIRFLOW_CTX_DAG_RUN_ID=scheduled__2020-01-04T00:00:00+00:00
[2021-10-17 15:57:23,918] {python.py:151} INFO - Done. Returned value was: None
[2021-10-17 15:57:23,922] {taskinstance.py:1184} INFO - Marking task as SUCCESS. dag_id=user_processing, task_id=processing_user, execution_date=20200104T000000, start_date=20211017T155723, end_date=20211017T155723
[2021-10-17 15:57:23,965] {taskinstance.py:1245} INFO - 1 downstream tasks scheduled from follow-on schedule check
[2021-10-17 15:57:24,002] {local_task_job.py:151} INFO - Task exited with return code 0
