[2021-10-17 15:57:25,885] {taskinstance.py:876} INFO - Dependencies all met for <TaskInstance: user_processing.storing_user 2020-01-03T00:00:00+00:00 [queued]>
[2021-10-17 15:57:25,892] {taskinstance.py:876} INFO - Dependencies all met for <TaskInstance: user_processing.storing_user 2020-01-03T00:00:00+00:00 [queued]>
[2021-10-17 15:57:25,893] {taskinstance.py:1067} INFO - 
--------------------------------------------------------------------------------
[2021-10-17 15:57:25,893] {taskinstance.py:1068} INFO - Starting attempt 1 of 1
[2021-10-17 15:57:25,893] {taskinstance.py:1069} INFO - 
--------------------------------------------------------------------------------
[2021-10-17 15:57:25,911] {taskinstance.py:1087} INFO - Executing <Task(BashOperator): storing_user> on 2020-01-03T00:00:00+00:00
[2021-10-17 15:57:25,912] {standard_task_runner.py:52} INFO - Started process 11836 to run task
[2021-10-17 15:57:25,917] {standard_task_runner.py:76} INFO - Running: ['airflow', 'tasks', 'run', 'user_processing', 'storing_user', '2020-01-03T00:00:00+00:00', '--job-id', '42', '--pool', 'default_pool', '--raw', '--subdir', 'DAGS_FOLDER/user_processing.py', '--cfg-path', '/tmp/tmprpmukgnr', '--error-file', '/tmp/tmpypug6o29']
[2021-10-17 15:57:25,918] {standard_task_runner.py:77} INFO - Job 42: Subtask storing_user
[2021-10-17 15:57:26,015] {logging_mixin.py:104} INFO - Running <TaskInstance: user_processing.storing_user 2020-01-03T00:00:00+00:00 [running]> on host airflowvm
[2021-10-17 15:57:26,634] {taskinstance.py:1280} INFO - Exporting the following env vars:
AIRFLOW_CTX_DAG_OWNER=airflow
AIRFLOW_CTX_DAG_ID=user_processing
AIRFLOW_CTX_TASK_ID=storing_user
AIRFLOW_CTX_EXECUTION_DATE=2020-01-03T00:00:00+00:00
AIRFLOW_CTX_DAG_RUN_ID=scheduled__2020-01-03T00:00:00+00:00
[2021-10-17 15:57:26,635] {subprocess.py:52} INFO - Tmp dir root location: 
 /tmp
[2021-10-17 15:57:26,635] {subprocess.py:63} INFO - Running command: ['bash', '-c', 'echo -e ".separator ","\n.import /tmp/processed_user.csv users" | sqlite3 /home/airflow/airflow/airflow.db']
[2021-10-17 15:57:26,641] {subprocess.py:75} INFO - Output:
[2021-10-17 15:57:26,654] {subprocess.py:83} INFO - Command exited with return code 0
[2021-10-17 15:57:26,677] {taskinstance.py:1184} INFO - Marking task as SUCCESS. dag_id=user_processing, task_id=storing_user, execution_date=20200103T000000, start_date=20211017T155725, end_date=20211017T155726
[2021-10-17 15:57:26,699] {taskinstance.py:1245} INFO - 0 downstream tasks scheduled from follow-on schedule check
[2021-10-17 15:57:26,737] {local_task_job.py:151} INFO - Task exited with return code 0
