[2021-10-17 15:57:33,735] {taskinstance.py:876} INFO - Dependencies all met for <TaskInstance: user_processing.extracting_user 2020-01-06T00:00:00+00:00 [queued]>
[2021-10-17 15:57:33,741] {taskinstance.py:876} INFO - Dependencies all met for <TaskInstance: user_processing.extracting_user 2020-01-06T00:00:00+00:00 [queued]>
[2021-10-17 15:57:33,742] {taskinstance.py:1067} INFO - 
--------------------------------------------------------------------------------
[2021-10-17 15:57:33,742] {taskinstance.py:1068} INFO - Starting attempt 1 of 1
[2021-10-17 15:57:33,742] {taskinstance.py:1069} INFO - 
--------------------------------------------------------------------------------
[2021-10-17 15:57:33,759] {taskinstance.py:1087} INFO - Executing <Task(SimpleHttpOperator): extracting_user> on 2020-01-06T00:00:00+00:00
[2021-10-17 15:57:33,760] {standard_task_runner.py:52} INFO - Started process 11943 to run task
[2021-10-17 15:57:33,766] {standard_task_runner.py:76} INFO - Running: ['airflow', 'tasks', 'run', 'user_processing', 'extracting_user', '2020-01-06T00:00:00+00:00', '--job-id', '45', '--pool', 'default_pool', '--raw', '--subdir', 'DAGS_FOLDER/user_processing.py', '--cfg-path', '/tmp/tmptjkk8k8m', '--error-file', '/tmp/tmp033ojz9v']
[2021-10-17 15:57:33,766] {standard_task_runner.py:77} INFO - Job 45: Subtask extracting_user
[2021-10-17 15:57:33,862] {logging_mixin.py:104} INFO - Running <TaskInstance: user_processing.extracting_user 2020-01-06T00:00:00+00:00 [running]> on host airflowvm
[2021-10-17 15:57:33,971] {taskinstance.py:1280} INFO - Exporting the following env vars:
AIRFLOW_CTX_DAG_OWNER=airflow
AIRFLOW_CTX_DAG_ID=user_processing
AIRFLOW_CTX_TASK_ID=extracting_user
AIRFLOW_CTX_EXECUTION_DATE=2020-01-06T00:00:00+00:00
AIRFLOW_CTX_DAG_RUN_ID=scheduled__2020-01-06T00:00:00+00:00
[2021-10-17 15:57:33,971] {http.py:111} INFO - Calling HTTP method
[2021-10-17 15:57:33,976] {base.py:69} INFO - Using connection to: id: user_api. Host: https://randomuser.me/, Port: None, Schema: , Login: , Password: None, extra: {}
[2021-10-17 15:57:33,977] {http.py:140} INFO - Sending 'GET' to url: https://randomuser.me/api/
[2021-10-17 15:57:34,316] {http.py:115} INFO - {"results":[{"gender":"female","name":{"title":"Miss","first":"Léa","last":"Gonzalez"},"location":{"street":{"number":628,"name":"Rue Barrier"},"city":"Saint-Denis","state":"Essonne","country":"France","postcode":98846,"coordinates":{"latitude":"-4.6694","longitude":"124.3550"},"timezone":{"offset":"+11:00","description":"Magadan, Solomon Islands, New Caledonia"}},"email":"lea.gonzalez@example.com","login":{"uuid":"a60f16d4-fcc0-4833-875c-fad0c27e314f","username":"silverzebra670","password":"eminem","salt":"XXbGnoXE","md5":"2366172348da67dfb84eaccd6260bc5e","sha1":"188bf32bfcc77371da84869681242e4f51dfa6a3","sha256":"32a4faa988d16dc08ea46d7c845cbcaa9f79f543e9431674816593044b00df3d"},"dob":{"date":"1989-12-07T13:23:51.407Z","age":32},"registered":{"date":"2002-12-18T12:26:00.824Z","age":19},"phone":"01-49-11-29-71","cell":"06-72-12-26-54","id":{"name":"INSEE","value":"2NNaN05724949 20"},"picture":{"large":"https://randomuser.me/api/portraits/women/72.jpg","medium":"https://randomuser.me/api/portraits/med/women/72.jpg","thumbnail":"https://randomuser.me/api/portraits/thumb/women/72.jpg"},"nat":"FR"}],"info":{"seed":"506a67ab2d589340","results":1,"page":1,"version":"1.3"}}
[2021-10-17 15:57:34,338] {taskinstance.py:1184} INFO - Marking task as SUCCESS. dag_id=user_processing, task_id=extracting_user, execution_date=20200106T000000, start_date=20211017T155733, end_date=20211017T155734
[2021-10-17 15:57:34,376] {taskinstance.py:1245} INFO - 1 downstream tasks scheduled from follow-on schedule check
[2021-10-17 15:57:34,384] {local_task_job.py:151} INFO - Task exited with return code 0
